TN:
SF:src\domain\use-cases\create-table.user-case.ts
FN:11,CreateTable
FN:15,execute
FNF:2
FNH:2
FNDA:2,CreateTable
FNDA:2,execute
DA:1,1
DA:2,1
DA:3,1
DA:4,1
DA:5,1
DA:6,1
DA:7,1
DA:8,1
DA:9,1
DA:10,1
DA:11,1
DA:12,2
DA:13,2
DA:14,1
DA:15,1
DA:16,2
DA:17,2
DA:18,2
DA:19,15
DA:20,15
DA:21,2
DA:22,2
DA:23,2
DA:24,1
LF:24
LH:24
BRDA:11,0,0,2
BRDA:15,1,0,2
BRDA:18,2,0,15
BRF:3
BRH:3
end_of_record
TN:
SF:src\domain\use-cases\save-file.use-case.ts
FN:14,SaveFile
FN:18,execute
FNF:2
FNH:2
FNDA:4,SaveFile
FNDA:4,execute
DA:1,1
DA:2,1
DA:3,1
DA:4,1
DA:5,1
DA:6,1
DA:7,1
DA:8,1
DA:9,1
DA:10,1
DA:11,1
DA:12,1
DA:13,1
DA:14,1
DA:15,4
DA:16,4
DA:17,1
DA:18,1
DA:19,4
DA:20,4
DA:21,4
DA:22,4
DA:23,4
DA:24,2
DA:25,2
DA:26,2
DA:27,4
DA:28,4
DA:29,1
LF:29
LH:29
BRDA:14,0,0,4
BRDA:18,1,0,4
BRDA:23,2,0,2
BRF:3
BRH:3
end_of_record
